[   0.0000 Inialzinggrup ssy cput
[  000000Intialin cgrp bsyspu
[   00000]niiazi cgrp ubs uacc
[   00000] nu veio4.4.13-genic(buid@gw01md-039(gc veio 5.4.001609 bunt5..0-6ubtu~16..9 ) #6-buntSM Thuun14 08::2 UTC01 (Ubtu4.4.13.156enric 4.34)
[  .0000]Coanle: OOT_IAGE=bootmlnuz-4.-1-gericoo=UUI8491f2007-40-ab8-bb81f45 r conletty1onole=yS
[  00000] ERNEsuport cus
  0.0000]  Int Gnuinntl
[  .0000] AMDutentiMD
[   00000]  enaur enurHas[   00000] x/fu: Lac x87PUdeteed
[  0000000x8/fpuUsng 'ear'FPU ntxtwihes.[   0.0000 e82 BOS-pvied psial RAMap
[  000000]BIS-e820 [em0x000000000000000-0x000000000009fbff] usable
[    0.000000] BIOS-e820: [mem 0x000000000009fc00-0x000000000009ffff] reserved
[    0.000000] BIOS-e820: [mem 0x00000000000f0000-0x00000000000fffff] reserved
[    0.000000] BIOS-e820: [mem 0x0000000000100000-0x000000003ffeffff] usable
[    0.000000] BIOS-e820: [mem 0x000000003fff0000-0x000000003fffffff] ACPI data
[    0.000000] BIOS-e820: [mem 0x00000000fffc0000-0x00000000ffffffff] reserved
[    0.000000] NX (Execute Disable) protection: active
[    0.000000] SMBIOS 2.5 present.
[    0.000000] e820: last_pfn = 0x3fff0 max_arch_pfn = 0x400000000
[    0.000000] MTRR: Disabled
[    0.000000] x86/PAT: MTRRs disabled, skipping PAT initialization too.
[    0.000000] CPU MTRRs all blank - virtualized system.
[    0.000000] x86/PAT: Configuration [0-7]:B  W U- U    T  U U  
[  00000] oundMPMP-tleat [m x000ff-0x09fff] ppd atfff88009ff0
[   0.0000 Sanni 1areafo lw moryoruptin[   .00000] MDSK: [mm 361e000-x30eeff][   0.0000AC: Eay ableheksumerficaondisaed
[  0.0000ACI: RP x00000000E000000 (02 VX )
[  .00000 API: SDT x0000003FF00 0003C (v01 VBOX   VBOXXSDT 00000001 ASL  00000061)
[    0.000000] ACPI: ACP 0x00000003FF0F0 000 (04BO  VBFAP 00001 ASL 00001)
  0.0000ACPIDST 0x000003F070 0BF (v0 VX   VBOXBIOS 00000002 INTL 20100528)
[    0.000000] ACPI: FACS 0x000000003FFF0200 000040
[    0.000000] ACPI: FACS 0x000000003FFF0200 000040
[    0.000000] ACPI: APIC 0x000000003FFF0240 00005C (v02 VBOX   VBOXAPIC 00000001 ASL  00000061)
[    0.000000] ACPI: SSDT 0x000000003FFF02A0 0001CC (v01 VBOX   VBOXCPUT 00000002 INTL 20100528)
[    0.000000] No NUMA configuration found
[    0.000000] Faking a node at [mem 0x0000000000000000-0x000000003ffeffff]
[    0.000000] NODE_DATA(0) allocated [mem 0x3ffeb000-0x3ffeffff]
[    0.000000] Zone ranges:
[    0.000000]   DMA      [mem 0x0000000000001000-0x0000000000ffffff]
[    0.000000]   DMA32    [mem 0x0000000001000000-0x000000003ffeffff]
[    0.000000]   Normal   empty
[    0.000000]   Device   empty
[    0.000000] Movable zone start for each node
[    0.000000] Early memory node ranges
[    0.000000]   node   0: [mem 0x0000000000001000-0x000000000009efff]
[    0.000000]   node   0: [mem 0x0000000000100000-0x000000003ffeffff]
[    0.000000] Initmem setup node 0 [mem 0x0000000000001000-0x000000003ffeffff]
[    0.000000] ACPI: PM-Timer IO Port: 0x4008
[    0.000000] IOAPIC[0]: apic_id 2, version 17, address 0xfec00000, GSI 0-23
[    0.000000] ACPI: INT_SRC_OVR (bus 0 bus_irq 0 global_irq 2 dfl dfl)
[    0.000000] ACPI: INT_SRC_OVR (bus 0 bus_irq 9 global_irq 9 high level)
[    0.000000] Using ACPI (MADT) for SMP configuration information
[    0.000000] smpboot: Allowing 2 CPUs, 0 hotplug CPUs
[    0.000000] PM: Registered nosave memory: [mem 0x00000000-0x00000fff]
[    0.000000] PM: Registered nosave memory: [mem 0x0009f000-0x0009ffff]
[    0.000000] PM: Registered nosave memory: [mem 0x000a0000-0x000effff]
[    0.000000] PM: Registered nosave memory: [mem 0x000f0000-0x000fffff]
[    0.000000] e820: [mem 0x40000000-0xfffbffff] available for PCI devices
[    0.000000] Booting paravirtualized kernel on bare hardware
[    0.000000] clocksource: refined-jiffies: mask: 0xffffffff max_cycles: 0xffffffff, max_idle_ns: 7645519600211568 ns
[    0.000000] setup_percpu: NR_CPUS:512 nr_cpumask_bits:512 nr_cpu_ids:2 nr_node_ids:1
[    0.000000] PERCPU: Embedded 34 pages/cpu @ffff88003fc00000 s99544 r8192 d31528 u1048576
[    0.000000] Built 1 zonelists in Node ordermobiitgrupin o.  Ttal pas:2579
    .000] oly on D32
[  0.000000] Kenel mmd lineBOT_IMAGE=/boot/vmin-44.0-30enerc ot=UUI=84e91f24-0077-40f3-aab8-b49b8e1f4506 ro console=tty1 console=ttyS0
[    0.000000] PID hash table entrs: 496orer3,2768yts)
  0.0000] emor 9718810120Kvalabl(86K krn cod, 13 rat 400 rdata156K it,1316bs, 502Kreseed 0K a-esered
[    0.000000] SLUB: HWali=6, Orr=-3, nOject0,CPUs=, des=1    0000] rnl/Us pe taesisolti: enle
[   0.000] Herchical RCU implementation.
[    0.000000] 	Build-time adjutmntof lea fnot to4.
[  0.0000 	CU rtrcting Usrom R_US=52 to n_cu_ids=2.
[    0.000000] RCU: Adjusting geometry for rcu_fanout_leaf=64, nr_cpu_ids=2
[    0.000000] NR_IRQS:33024 nr_irqs:440 16
[    0.000000] Console: colour VGA+ 80x25
[    0.000000] console [tty1] enabled
[    .000] cool [tt0]enabd
[    0.000000] tsc: Fast TSC calibration using PIT
[    0.000000] tsc: Detected 3392.825 MHz processor
[    0.008016] Calibrating delay loop (skipped), value calculated using timer frequency.. 6785.65 BogoMIPS (lpj=13571300)
[    0.016011] pid_max: default: 32768 minimum: 301
[    0.020014] ACPI: Core revision 20150930
[    0.024618] ACPI: 2 ACPI AML tables successfully acquired and loaded
[    0.025624] Security Framework initialized
[    0.026283] Yama: becoming mindful.
[    0.026850] AppArmor: AppArmor initialized
[    0.028051] Dentry cache hash table entries: 131072 (order: 8, 1048576 bytes)
[    0.029376] Inode-cache hash table entries: 65536 (order: 7, 524288 bytes)
[    0.030355] Mount-cache hash table entries: 2048 (order: 2, 16384 bytes)
[    0.031279] Mountpoint-cache hash table entries: 2048 (order: 2, 16384 bytes)
[    0.032126] Initializing cgroup subsys io
[    0.032729] Initializing cgroup subsys memory
[    0.033364] Initializing cgroup subsys devices
[    0.034026] Initializing cgroup subsys freezer
[    0.034664] Initializing cgroup subsys net_cls
[    0.035066] Initializing cgroup subsys perf_event
[    0.036701] Initializing cgroup subsys net_prio
[    0.037355] Initializing cgroup subsys hugetlb
[    0.037997] Initializing cgroup subsys pids
[    0.038765] CPU: Physical Processor ID: 0
[    0.039362] CPU: Processor Core ID: 0
[    0.039930] mce: CPU supports 0 MCE banks
[    0.040026] Last level iTLB entries: 4KB 1024, 2MB 1024, 4MB 1024
[    0.044007] Last level dTLB entries: 4KB 1024, 2MB 1024, 4MB 1024, 1GB 4
[    0.048012] Spectre V2 : Mitigation: Full generic retpoline
[    0.048760] Spectre V2 : Speculation control IBPB not-supported IBRS not-supported
[    0.052007] Speculative Store Bypass: Vulnerable
[    0.055719] Freeing SMP alternatives memory: 32K
[    0.080623] ftrace: allocating 32245 entries in 126 pages
[    0.112071] smpboot: APIC(0) Converting physical 0 to logical package 0
[    0.116014] smpboot: Max logical packages: 1
[    0.117677] ..TIMER: vector=0x30 apic1=0 pin1=2 apic2=-1 pin2=-1
[    0.164000] smpboot: CPU0: Intel(R) Core(TM) i7-4770 CPU @ 3.40GHz (family: 0x6, model: 0x3c, stepping: 0x3)
[    0.165255] Performance Events: unsupported p6 CPU model 60 no PMU driver, software events only.
[    0.169498] NMI watchdog: disabled (cpu0): hardware events not enabled
[    0.170353] NMI watchdog: Shutting down hard lockup detector on all cpus
[    0.171344] x86: Booting SMP configuration:
[    0.172005] .... node  #0, CPUs:      #1
[    0.012000] mce: CPU supports 0 MCE banks
[    0.231372] x86: Booted up 1 node, 2 CPUs
[    0.232007] smpboot: Total of 2 processors activated (13571.30 BogoMIPS)
[    0.233191] devtmpfs: initialized
[    0.233795] evm: security.selinux
[    0.234051] evm: security.SMACK64
[    0.234051] evm: security.SMACK64EXEC
[    0.234051] evm: security.SMACK64TRANSMUTE
[    0.234051] evm: security.SMACK64MMAP
[    0.234295] evm: security.ima
[    0.234797] evm: security.capability
[    0.236101] clocksource: jiffies: mask: 0xffffffff max_cycles: 0xffffffff, max_idle_ns: 7645041785100000 ns
[    0.237442] futex hash table entries: 512 (order: 3, 32768 bytes)
[    0.240023] pinctrl core: initialized pinctrl subsystem
[    0.368131] RTC time:  4:52:22, date: 07/09/18
[    0.492187] NET: Registered protocol family 16
[    0.636122] cpuidle: using governor ladder
[    0.652011] cpuidle: using governor menu
[    0.684016] PCCT header not found.
[    0.692074] ACPI: bus type PCI registered
[    0.692674] acpiphp: ACPI Hot Plug PCI Controller Driver version: 0.5
[    0.693814] PCI: Using configuration type 1 for base access
[    0.720201] ACPI: Added _OSI(Module Device)
[    0.724009] ACPI: Added _OSI(Processor Device)
[    0.724808] ACPI: Added _OSI(3.0 _SCP Extensions)
[    0.725493] ACPI: Added _OSI(Processor Aggregator Device)
[    0.732224] ACPI: Executed 1 blocks of module-level executable AML code
[    0.738521] ACPI: Interpreter enabled
[    0.739323] ACPI: (supports S0 S5)
[    0.740006] ACPI: Using IOAPIC for interrupt routing
[    0.740903] PCI: Using host bridge windows from ACPI; if necessary, use "pci=nocrs" and report a bug
[    0.745609] ACPI: PCI Root Bridge [PCI0] (domain 0000 [bus 00-ff])
[    0.748014] acpi PNP0A03:00: _OSC: OS supports [ASPM ClockPM Segments MSI]
[    0.752017] acpi PNP0A03:00: _OSC failed (AE_NOT_FOUND); disabling ASPM
[    0.760019] acpi PNP0A03:00: fail to add MMCONFIG information, can't access extended PCI configuration space under this bridge.
[    0.764337] PCI host bridge to bus 0000:00
[    0.764940] pci_bus 0000:00: root bus resource [io  0x0000-0x0cf7 window]
[    0.765823] pci_bus 0000:00: root bus resource [io  0x0d00-0xffff window]
[    0.768006] pci_bus 0000:00: root bus resource [mem 0x000a0000-0x000bffff window]
[    0.769086] pci_bus 0000:00: root bus resource [mem 0x40000000-0xffdfffff window]
[    0.770150] pci_bus 0000:00: root bus resource [bus 00-ff]
[    0.772395] pci 0000:00:01.1: legacy IDE quirk: reg 0x10: [io  0x01f0-0x01f7]
[    0.773315] pci 0000:00:01.1: legacy IDE quirk: reg 0x14: [io  0x03f6]
[    0.774245] pci 0000:00:01.1: legacy IDE quirk: reg 0x18: [io  0x0170-0x0177]
[    0.776006] pci 0000:00:01.1: legacy IDE quirk: reg 0x1c: [io  0x0376]
[    0.791613] ACPI: PCI Interrupt Link [LNKA] (IRQs 5 9 10 11) *0, disabled.
[    0.796956] ACPI: PCI Interrupt Link [LNKB] (IRQs 5 9 10 *11)
[    0.798139] ACPI: PCI Interrupt Link [LNKC] (IRQs 5 9 *10 11)
[    0.800281] ACPI: PCI Interrupt Link [LNKD] (IRQs 5 *9 10 11)
[    0.820419] ACPI: Enabled 2 GPEs in block 00 to 07
[    0.824124] vgaarb: setting as boot device: PCI:0000:00:02.0
[    0.828000] vgaarb: device added: PCI:0000:00:02.0,decodes=io+mem,owns=io+mem,locks=none
[    0.828010] vgaarb: loaded
[    0.828490] vgaarb: bridge control possible 0000:00:02.0
[    0.829485] SCSI subsystem initialized
[    0.830313] ACPI: bus type USB registered
[    0.830313] usbcore: registered new interface driver usbfs
[    0.832788] usbcore: registered new interface driver hub
[    0.833551] usbcore: registered new device driver usb
[    0.836078] PCI: Using ACPI for IRQ routing
[    0.840230] NetLabel: Initializing
[    0.844008] NetLabel:  domain hash size = 128
[    0.848007] NetLabel:  protocols = UNLABELED CIPSOv4
[    0.852020] NetLabel:  unlabeled traffic allowed by default
[    0.856057] amd_nb: Cannot enumerate AMD northbridges
[    0.856644] clocksource: Switched to clocksource refined-jiffies
[    0.865750] AppArmor: AppArmor Filesystem Enabled
[    0.868060] pnp: PnP ACPI init
[    0.869127] pnp: PnP ACPI: found 4 devices
[    0.882635] clocksource: acpi_pm: mask: 0xffffff max_cycles: 0xffffff, max_idle_ns: 2085701024 ns
[    0.884288] clocksource: Switched to clocksource acpi_pm
[    0.885091] NET: Registered protocol family 2
[    0.885845] TCP established hash table entries: 8192 (order: 4, 65536 bytes)
[   .058 T bd shab erie: 192 orer 51372yt)  2.24] P:ash bl cfire(eabsh 82 nd19
[    3.865623] UDP hash table entries: 512 (order: 2, 16384 bytes)
[    3.896042] UDP-Lite hash table entries: 512 (order: 2, 16384 bytes)
[    3.896934] NET: Registered protocol famly
  4.19577] p 00::00:imindict PCICI trafe
  5.32] i 000:.0 AtivainISDMha wkaun
[   6.80] paing intrafs..
[    7.261597] Freeing initrd memory: 15364K
[    7.361876] RAPL PMU detected, API unit is 2^-32 Joules, 4 fixed counters 10737418240 ms ovfl timer
[    7.597050] hw unit of domain pp0-core 2^-0 Joules
[    7.629289] hw unit of domain package 2^-0 Joules
[    7.758343] hw unit of domain dram 2^-0 Joules
[    7.879772] hw unit of domain pp1-gpu 2^-0 Joules
[    8.000397] platform rtc_cmos: registered platform RTC device (no PNP device found)
[    8.168639] Scanning for low memory corruption every 60 seconds
[    8.169729] audit: initializing netlink subsys (disabled)
[    8.194113] audit: type=2000 audit(1531111937.191:1): initialized
[    8.195219] Initialise system trusted keyring
[    8.196097] HugeTLB registered 2 MB page size, pre-allocated 0 pages
[    8.198059] zbud: loaded
[    8.198950] VFS: Disk quotas dquot_6.6.0
[    8.199567] VFS: Dquot-cache hash table entries: 512 (order 0, 4096 bytes)
[    8.200872] squashfs: version 4.0 (2009/01/31) Phillip Lougher
[    8.201949] fuse init (API version 7.23)
[    8.202759] Key type big_key registered
[    8.203363] Allocating IMA MOK and blacklist keyrings.
[    8.212080] Key type asymmetric registered
[    8.214785] Asymmetric key parser 'x509' registered
[    8.218669] Block layer SCSI generic (bsg) driver version 0.4 loaded (major 249)
[    8.227144] io scheduler noop registered
[    8.235219] io scheduler deadline registered (default)
[    8.248670] io scheduler cfq registered
[    8.262475] pci_hotplug: PCI Hot Plug PCI Core version: 0.5
[    8.266623] pciehp: PCI Express Hot Plug Controller Driver version: 0.4
[    8.269818] ACPI: AC Adapter [AC] (on-line)
[    8.270483] input: Power Button as /devices/LNXSYSTM:00/LNXPWRBN:00/input/input0
[    8.271572] ACPI: Power Button [PWRF]
[    8.272117] input: Sleep Button as /devices/LNXSYSTM:00/LNXSLPBN:00/input/input1
[    8.273209] ACPI: Sleep Button [SLPF]
[    8.273970] GHES: HEST is not enabled!
[    8.274721] Serial: 8250/16550 driver, 32 ports, IRQ sharing enabled
[    8.298194] 00:03: ttyS0 at I/O 0x3f8 (irq = 4, base_baud = 115200) is a 16550A
[    8.376044] Linux agpgart interface v0.103
[    8.479524] loop: module loaded
[    8.564972] scsi host0: ata_piix
[    8.660771] scsi host1: ata_piix
[    8.723167] ata1: PATA max UDMA/33 cmd 0x1f0 ctl 0x3f6 bmdma 0xd000 irq 14
[    8.861888] ata2: PATA max UDMA/33 cmd 0x170 ctl 0x376 bmdma 0xd008 irq 15
[    8.862811] libphy: Fixed MDIO Bus: probed
[    8.863499] tun: Universal TUN/TAP device driver, 1.6
[    8.863964] tun: (C) 1999-2004 Max Krasnyansky <maxk@qualcomm.com>
[    8.865770] PPP generic driver version 2.4.2
[    8.866482] ehci_hcd: USB 2.0 'Enhanced' Host Controller (EHCI) Driver
[    8.867573] ehci-pci: EHCI PCI platform driver
[    8.867979] ehci-platform: EHCI generic platform driver
[    8.868762] ohci_hcd: USB 1.1 'Open' Host Controller (OHCI) Driver
[    8.869563] ohci-pci: OHCI PCI platform driver
[    8.870228] ohci-platform: OHCI generic platform driver
[    8.870945] uhci_hcd: USB Universal Host Controller Interface driver
[    8.871833] i8042: PNP: PS/2 Controller [PNP0303:PS2K,PNP0f03:PS2M] at 0x60,0x64 irq 1,12
[    8.873759] serio: i8042 KBD port at 0x60,0x64 irq 1
[    8.874450] serio: i8042 AUX port at 0x60,0x64 irq 12
[    8.875404] mousedev: PS/2 mouse device common for all mice
[    8.876813] rtc_cmos rtc_cmos: rtc core: registered rtc_cmos as rtc0
[    8.877873] rtc_cmos rtc_cmos: alarms up to one day, 114 bytes nvram
[    9.000044] tsc: Refined TSC clocksource calibration: 3392.973 MHz
[    9.000047] clocksource: tsc: mask: 0xffffffffffffffff max_cycles: 0x30e86068eb2, max_idle_ns: 440795283339 ns
[    9660] i2c /dev entries driver
[    9.366295] input: AT Translated Set 2 keyboard as /devices/platform/i8042/serio0/input/input2
[    9.676132] device-mapper: uevent: version 1.0.3
[    9.805496] device-mapper: ioctl: 4.34.0-ioctl (2015-10-28) initialised: dm-devel@redhat.com
[   10.028645] clocksource: Switched to clocksource tsc
[   10.028671] ledtrig-cpu: registered to indicate activity on CPUs
[   10.028947] NET: Registered protocol family 10
[   10.029107] NET: Registered protocol family 17
[   10.029115] Key type dns_resolver registered
[   10.029249] microcode: CPU0 sig=0x306c3, pf=0x2, revision=0x19
[   10.032066] microcode: CPU1 sig=0x306c3, pf=0x2, revision=0x19
[   10.107827] microcode: Microcode Update Driver: v2.01 <tigran@aivazian.fsnet.co.uk>, Peter Oruba
[   10.107963] registered taskstats version 1
[   10.108051] Loading compiled-in X.509 certificates
[   10.108569] Loaded X.509 cert 'Build time autogenerated kernel key: b3e0fe4bcd6378c38a2c0a4648abbc1fa5043a22'
[   10.108585] zswap: loaded using pool lzo/zbud
[   10.110030] Key type trusted registered
[   10.112547] Key type encrypted registered
[   10.112552] AppArmor: AppArmor sha1 policy hashing enabled
[   10.112556] ima: No TPM chip found, activating TPM-bypass!
[   10.112561] ima: Allocated hash algorithm: sha1
[   10.112575] evm: HMAC attrs: 0x1
[   10.112778]   Magic number: 10:442:868
[   10.234069] rtc_cmos rtc_cmos: setting system clock to 2018-07-09 04:52:33 UTC (1531111953)
[   10.234177] BIOS EDD facility v0.16 2004-Jun-25, 0 devices found
[   10.234179] EDD information not available.
[   10.739475] Freeing unused kernel memory: 1516K
[   10.784065] Write protecting the kernel read-only data: 14336k
[   10.832256] Freeing unused kernel memory: 1680K
[   10.833110] Freeing unused kernel memory: 96K
Loading, please wait...
starting version[   10.846828] random: systemd-udevd: uninitialized urandom read (16 bytes read, 4 bits of entropy available)
 229
[   10.847132] random: udevadm: uninitialized urandom read (16 bytes read, 4 bits of entropy available)
[   10.847151] random: udevadm: uninitialized urandom read (16 bytes read, 4 bits of entropy available)
[   10.856424] random: udevadm: uninitialized urandom read (16 bytes read, 4 bits of entropy available)
[   10.856462] random: udevadm: uninitialized urandom read (16 bytes read, 4 bits of entropy available)
[   10.856583] random: udevadm: uninitialized urandom read (16 bytes read, 4 bits of entropy available)
[   10.856664] random: udevadm: uninitialized urandom read (16 bytes read, 4 bits of entropy available)
[   10.856714] random: udevadm: uninitialized urandom read (16 bytes read, 4 bits of entropy available)
[   10.856765] random: udevadm: uninitialized urandom read (16 bytes read, 4 bits of entropy available)
[   10.856812] random: udevadm: uninitialized urandom read (16 bytes read, 4 bits of entropy available)
[   11.944407] e1000: Intel(R) PRO/1000 Network Driver - version 7.3.21-k8-NAPI
[   11.974457] e1000: Copyright (c) 1999-2006 Intel Corporation.
[   12.024767] Fusion MPT base driver 3.04.20
[   12.050957] Copyright (c) 1999-2008 LSI Corporation
[   12.070659] Fusion MPT SPI Host driver 3.04.20
[   12.262044] input: ImExPS/2 Generic Explorer Mouse as /devices/platform/i8042/serio1/input/input4
[   12.378991] e1000 0000:00:03.0 eth0: (PCI:33MHz:32-bit) 02:40:c1:fa:9b:f5
[   12.524378] e1000 0000:00:03.0 eth0: Intel(R) PRO/1000 Network Connection
[   12.671513] e1000 0000:00:03.0 enp0s3: renamed from eth0
[   12.672443] mptbase: ioc0: Initiating bringup
[   12.747882] ioc0: LSI53C1030 A0: Capabilities={Initiator}
[   13.424329] scsi host2: ioc0: LSI53C1030 A0, FwRev=00000000h, Ports=1, MaxQ=256, IRQ=20
[   13.725046] scsi 2:0:0:0: Direct-Access     VBOX     HARDDISK         1.0  PQ: 0 ANSI: 5
[   13.871757] scsi target2:0:0: Beginning Domain Validation
[   13.927443] scsi target2:0:0: Domain Validation skipping write tests
[   13.928584] scsi target2:0:0: Ending Domain Validation
[   13.929479] scsi target2:0:0: asynchronous
[   13.930914] scsi 2:0:1:0: Direct-Access     VBOX     HARDDISK         1.0  PQ: 0 ANSI: 5
[   13.934246] scsi target2:0:1: Beginning Domain Validation
[   13.936638] scsi target2:0:1: Domain Validation skipping write tests
[   13.938503] scsi target2:0:1: Ending Domain Validation
[   13.939307] scsi target2:0:1: asynchronous
[   13.946234] sd 2:0:0:0: [sda] 20971520 512-byte logical blocks: (10.7 GB/10.0 GiB)
[   13.947372] sd 2:0:0:0: Attached scsi generic sg0 type 0
[   13.948590] sd 2:0:0:0: [sda] Write Protect is off
[   13.948850] sd 2:0:1:0: Attached scsi generic sg1 type 0
[   13.951271] sd 2:0:1:0: [sdb] 20480 512-byte logical blocks: (10.5 MB/10.0 MiB)
[   13.952602] sd 2:0:0:0: [sda] Incomplete mode parameter data
[   13.952789] sd 2:0:1:0: [sdb] Write Protect is off
[   13.952939] sd 2:0:1:0: [sdb] Incomplete mode parameter data
[   13.952941] sd 2:0:1:0: [sdb] Assuming drive cache: write through
[   13.964843] sd 2:0:0:0: [sda] Assuming drive cache: write through
[   14.018938]  sda: sda1
[   14.022790] sd 2:0:1:0: [sdb] Attached SCSI disk
[   14.174266] sd 2:0:0:0: [sda] Attached SCSI disk
Begin: Loading e[   15.507562] md: linear personality registered for level -1
ssential drivers ... [   15.519419] md: multipath personality registered for level -4
[   15.541143] md: raid0 personality registered for level 0
[   15.577300] md: raid1 personality registered for level 1
[   15.716056] raid6: sse2x1   gen() 11125 MB/s
[   15.892601] raid6: sse2x1   xor()  8621 MB/s
[   16.080044] raid6: sse2x2   gen() 14257 MB/s
[   16.152725] raid6: sse2x2   xor()  9470 MB/s
[   16.224049] raid6: sse2x4   gen() 15997 MB/s
[   16.292746] raid6: sse2x4   xor() 11328 MB/s
[   16.294517] raid6: using algorithm sse2x4 gen() 15997 MB/s
[   16.295237] raid6: .... xor() 11328 MB/s, rmw enabled
[   16.295940] raid6: using ssse3x2 recovery algorithm
[   16.297906] xor: measuring software checksum speed
[   16.336779]    prefetch64-sse: 23221.000 MB/sec
[   16.496028]    generic_sse: 21493.000 MB/sec
[   16.607856] xor: using function: prefetch64-sse (23221.000 MB/sec)
[   16.709495] async_tx: api initialized (async)
[   16.727933] md: raid6 personality registered for level 6
[   16.729773] md: raid5 personality registered for level 5
[   16.778957] md: raid4 personality registered for level 4
[   16.842835] md: raid10 personality registered for level 10
done.
Begin: Running /scripts/init-premount ... done[   17.012536] Btrfs loaded
.
Begin: Mounting root file system ... Begin: Running /scripts/local-top ... done.
Begin: Running /scripts/local-premount ... Scanning for Btrfs filesystems
done.
[   17.133490] EXT4-fs (sda1): INFO: recovery required on readonly filesystem
Warning: fsck no[   17.314140] EXT4-fs (sda1): write access will be enabled during recovery
t present, so skipping root file system
[   17.957991] random: nonblocking pool is initialized
[   19.645818] EXT4-fs (sda1): orphan cleanup on readonly fs
[   19.685842] EXT4-fs (sda1): 1 orphan inode deleted
[   19.801665] EXT4-fs (sda1): recovery complete
[   19.916883] EXT4-fs (sda1): mounted filesystem with ordered data mode. Opts: (null)
done.
Begin: Running /scripts/local-bottom ... done.
Begin: Running /scripts/init-bottom ... done.
[   20.799969] systemd[1]: systemd 229 running in system mode. (+PAM +AUDIT +SELINUX +IMA +APPARMOR +SMACK +SYSVINIT +UTMP +LIBCRYPTSETUP +GCRYPT +GNUTLS +ACL +XZ -LZ4 +SECCOMP +BLKID +ELFUTILS +KMOD -IDN)
[   21.241260] systemd[1]: Detected virtualization oracle.
[   21.274802] systemd[1]: Detected architecture x86-64.

Welcome to [1mUbuntu 16.04.4 LTS[0m!

[   21.361216] systemd[1]: Set hostname to <ubuntu-xenial>.
[   22.317132] systemd[1]: Created slice System Slice.
[[0;32m  OK  [0m] Created slice System Slice.
[   22.405106] systemd[1]: Listening on udev Control Socket.
[[0;32m  OK  [0m] Listening on udev Control Socket.
[   22.406874] systemd[1]: Listening on Device-mapper event daemon FIFOs.
[[0;32m  OK  [0m] Listening on Device-mapper event daemon FIFOs.
[   22.409019] systemd[1]: Listening on Journal Audit Socket.
[[0;32m  OK  [0m] Listening on Journal Audit Socket.
[   22.410791] systemd[1]: Listening on Journal Socket.
[[0;32m  OK  [0m] Listening on Journal Socket.
[   22.452324] systemd[1]: Starting Load Kernel Modules...
[   22.551394] Loading iSCSI transport class v2.0-870.
         Starting Load Kernel Modules...
[   22.584277] systemd[1]: Started Trigger resolvconf update for networkd DNS.
[[0;32m  OK  [0[   22.650560] iscsi: registered transport (tcp)
m] Started Trigger resolvconf update for networkd DNS.
[   22.682078] systemd[1]: Reached target System Time Synchronized.
[[0;32m  OK  [0m] Reached target System Time Synchronized.
[   22.704228] systemd[1]: Starting Uncomplicated firewall...
         Starting Uncomplicated firewall...
[   22.720988] systemd[1]: Created slice system-serial\x2dgetty.slice.
[[0;32m  OK  [0m] Created slice system-serial\x2dgetty.slice.
[   22.722672] systemd[1]: Listening on LVM2 metadata daemon socket.
[[0;32m  OK  [0m] Listening on LVM2 metadata daemon socket.
[   22.728961] systemd[1]: Starting Monitoring of LVM2 mirrors, snapshots etc. using dmeventd or progress polling...
         Starting Monitoring of LVM2 mirrors... dmeventd or progress polling...
[   22.733141] systemd[1]: Starting Nameserver information manager...
         Starting Nameserver information manager...
[   22.735293] systemd[1]: Starting Create list of required static device nodes for the current kernel...
         Starting Create list of required st... nodes for the current kernel...
[   22.737871] systemd[1]: Reached target User and Group Name Lookups.
[[0;32m  OK  [0m] Reached target User and Group Name Lookups.
[   22.739510] systemd[1]: Listening on udev Kernel Socket.
[[0;32m  OK  [0m] Listening on udev Kernel Socket.
[   22.740885] systemd[1]: Set up automount Arbitrary Executable File Formats File System Automount Point.
[[0;32m  OK  [0m] Set up automount Arbitrary Executab...ats File System Automount Point.
[   22.915853] systemd[1]: Listening on LVM2 poll daemon socket.
[[0;32m  OK  [0m] Listening on LVM2 poll daemon socket.
[   23.105462] systemd[1]: Reached target Encrypted Volumes.
[[0;32m  OK  [0m] Reached target Encrypted Volumes.
[   23.245754] systemd[1]: Ceated slice User and Session Slice.
[[0;32m  OK  [0m] Created slice User and Session Slice.
[   23.374131] systemd[1]: Reached target Slices.
[[0;32m  OK  [0m] Reached target Slices.
[   23.388130] systemd[1]: Mounting Huge Pages File System...
         Mounting Huge Pages File System...
[   23.399390] systemd[1]: Reached target Swap.
[[0;32m  OK  [0m] Reached target Swap.
[   23.400751] systemd[1]: Listening on Journal Socket (/dev/log).
[[0;32m  OK  [0m] Listening on Journal Socket (/dev/log).
[   23.402895] systemd[1]: Mounting POSIX Message Queue File System...
         [   23.437698] iscsi: registered transport (iser)
Mounting POSIX Message Queue File System...
[   23.507821] systemd[1]: Listening on /dev/initctl Compatibility Named Pipe.
[[0;32m  OK  [0m] Listening on /dev/initctl Compatibility Named Pipe.
[   23.584623] systemd[1]: Mounting Debug File System...
         Mounting Debug File System...
[   3.7242] ysemd[1]Lienng on slg Socket.

[[0;32m  OK  [0m] Listening on Syslog Socket.
[   24.396579] systemd[1]: Starting Journal Service...
         Starting Journal Service...
[   24.508310] systemd[1]: Starting Remount Root and Kernel File Systems...
         Starting Remount Root and Kernel File Systems...
[   24.736159] systemd[1]: Starting Set console keymap...
         Starting Set console keymap...
[   24.812523] systemd[1]: Started Forward Password Requests to Wall Directory Watch.
[[0;32m  OK  [0m] Started Forward Password Requests to Wall Directory Watch.
[   24.816034] systemd[1]: Mounted Debug File System.
[[0;32m  OK  [0m] Mounted Debug File System.
[   24.817597] systemd[1]: Mounted POSIX Message Queue File System.
[[0;32m  OK  [0m] Mounted POSIX Message Queue File System.
[   24.819845] systemd[1]: Mounted Huge Pages File System.
[[0;32m  OK  [0m] Mounted Huge Pages File System.
[   24.876964] systemd[1]: Started Load Kernel Modules.
[[0;32m  OK  [0m] Started Load Kernel Modules.
[   24.979877] EXT4-fs (sda1): re-mounted. Opts: (null)
[   25.044809] systemd[1]: Started Uncomplicated firewall.
[[0;32m  OK  [0m] Started Uncomplicated firewall.
[   25.076640] systemd[1]: Started Create list of required static device nodes for the current kernel.
[[0;32m  OK  [0m] Started Create list of required sta...ce nodes for the current kernel.
[   .258] systemd[1 Sarted Remount Root and Kernel File Systems.
[[0;32m  OK  [0m] Started Remount Root and Kernel File Systems.
[   25.688201] systemd[1]: Started Nameserver information manager.
[[0;32m  OK  [0m] Started Nameserver information manager.
[   25.723034] systemd[1]: Started Journal Service.
[[0;32m  OK  [0m] Started Journal Service.
[[0;32m  OK  [0m] Started Set console keymap.
[[0;32m  OK  [0m] Started LVM2 metadata daemon.
         Starting Flush Journal to Persistent Storage...
         Starting Load/Save Random Seed...
         Starting udev Coldplug all Devices...
         Starting Create Static Device Nodes in /dev...
         Starting Apply Kernel Variables...
         Mounting FUSE Control File System...
[[0;32m  OK  [0m] Mounted FUSE Control File System.
[[0;32m  OK  [0m] Started Load/Save Random Seed.
[[0;32m  OK  [0m] Started Create Static Device Nodes in /dev.
[[0;32m  OK  [0m] Started Apply Kernel Variables.
[[0;32m  OK  [0m] Started udev Coldplug all Devices.
[[0;32m  OK  [0m] Started Monitoring of LVM2 mirrors,...ng dmeventd or progress polling.
         Starting udev Kernel Device Manager...
[[0;32m  OK  [0m] Started Flush Journal to Persistent Storage.
[[0;32m  OK  [0m] Started udev Kernel Device Manager.
[[0;32m  OK  [0m] Started Dispatch Password Requests to Console Directory Watch.
[[0;32m  OK  [0m] Reached target Local File Systems (Pre).
[[0;32m  OK  [0m] Reached target Local File Systems.
         Starting Create Volatile Files and Directories...
         Starting Set console font and keymap...
         Starting Tell Plymouth To Write Out Runtime Data...
         Starting LSB: AppArmor initialization...
         Starting Initial cloud-init job (pre-networking)...
[[0;32m  OK  [0m] Started Create Volatile Files and Directories.
[[0;32m  OK  [0m] Started Tell Plymouth To Write Out Runtime Data.
[[0;32m  OK  [0m] Found device /dev/ttyS0.
         Starting Update UTMP about System Boot/Shutdown...
[[0;32m  OK  [0m] Started Update UTMP about System Boot/Shutdown.
[[0;32m  OK  [0m] Listening on Load/Save RF Kill Switch Status /dev/rfkill Watch.
[[0;32m  OK  [0m] Found device 82540EM Gigabit Ethern...r (PRO/1000 MT Desktop Adapter).
[[0;32m  OK  [0m] Started Set console font and keymap.
[[0;32m  OK  [0m] Created slice system-getty.slice.
[[0;32m  OK  [0m] Started LSB: AppArmor initialization.
[   33.278717] cloud-init[530]: Cloud-init v. 18.2 running 'init-local' at Mon, 09 Jul 2018 04:52:55 +0000. Up 32.56 seconds.
[[0;32m  OK  [0m] Started Initial cloud-init job (pre-networking).
[[0;32m  OK  [0m] Reached target Network (Pre).
         Starting Raise network interfaces...
[[0;32m  OK  [0m] Started ifup for enp0s3.
[[0;32m  OK  [0m] Started Raise network interfaces.
[[0;32m  OK  [0m] Reached target Network.
         Starting Initial cloud-init job (metadata service crawler)...
[   35.115616] cloud-init[986]: Cloud-init v. 18.2 running 'init' at Mon, 09 Jul 2018 04:52:57 +0000. Up 34.37 seconds.
[   35.218592] [cloud-init[0;32m  OK  [0m[986]: ] ci-info: +++++++++++++++++++++++++++++++++++++Net device info++++++++++++++++++++++++++++++++++++++Started Initial cloud-init job (metadata service crawler).

[   35.219913] cloud-init[986]: ci-info: +--------+------+----------------------------+---------------+-------+-------------------+
[   35.510045] [cloud-init[0;32m  OK  [0m[986]: ] ci-info: | Device |  Up  |          Address           |      Mask     | Scope |     Hw-Address    |Reached target Network is Online.

[   35.511830] cloud-init[986]: ci-info: +--------+------+----------------------------+---------------+-------+-------------------+
[   35.761985] cloud-init[986]: ci-info: | enp0s3 | True |         10.0.2.15          | 255.255.255.0 |   .   | 02:40:c1:fa:9b:f5 |
[   35.763288] cloud-init[986]: ci-info: | enp0s3 | True | fe80::40:c1ff:fefa:9bf5/64 |       .       |  link | 02:40:c1:fa:9b:f5 |
         Starting iSCSI initiator daemon (iscsid)...
[   35.763673] cloud-init[986]: ci-info: |   lo   | True |         127.0.0.1          |   255.0.0.0   |   .   |         .         |
[   36.094997] cloud-init[986]: ci-info: |   lo   | True |          ::1/128           |       .       |  host |         .         |
[[0;32m  OK  [0m] Reached target Cloud-config availability.
[   36.095072] cloud-init[986]: ci-info: +--------+------+----------------------------+---------------+-------+-------------------+
[   36.098710] cloud-init[986]: ci-info: +++++++++++++++++++++++++++Route IPv4 info++++++++++++++++++++++++++++
[   36.098803] cloud-init[986]: ci-info: +-------+-------------+----------+---------------+-----------+-------+
[   36.098892] cloud-init[986]: ci-info: | Route | Destination | Gateway  |    Genmask    | Interface | Flags |
[   36.098987] cloud-init[986]: ci-info: +-------+-------------+----------+---------------+-----------+-------+
[   36.099194] cloud-init[986]: ci-info: |   0   |   0.0.0.0   | 10.0.2.2 |    0.0.0.0    |   enp0s3  |   UG  |
[   36.099284] cloud-init[986]: ci-info: |   1   |   10.0.2.0  | 0.0.0.0  | 255.255.255.0 |   enp0s3  |   U   |
[   36.099377] cloud-init[986]: ci-info: +-------+-------------+----------+---------------+-----------+-------+
[[0;32m  OK  [0m] Reached target System Initialization.
         Starting LXD - unix socket.
[[0;32m  OK  [0m] Listening on D-Bus System Message Bus Socket.
[[0;32m  OK  [0m] Started ACPI Events Check.
[[0;32m  OK  [0m] Reached target Paths.
         Starting Socket activation for snappy daemon.
[[0;32m  OK  [0m] Listening on UUID daemon activation socket.
[[0;32m  OK  [0m] Listening on ACPID Listen Socket.
[[0;32m  OK  [0m] Started Daily Cleanup of Temporary Directories.
[[0;32m  OK  [0m] Started Daily apt download activities.
[[0;32m  OK  [0m] Started Daily apt upgrade and clean activities.
[[0;32m  OK  [0m] Reached target Timers.
[[0;32m  OK  [0m] Listening on LXD - unix socket.
[[0;32m  OK  [0m] Listening on Socket activation for snappy daemon.
[[0;32m  OK  [0m] Reached target Sockets.
[[0;32m  OK  [0m] Reached target Basic System.
         Starting System Logging Service...
         Starting Apply the settings specified in cloud-config...
         Starting /etc/rc.local Compatibility...
[[0;32m  OK  [0m] Started ACPI event daemon.
         Starting LSB: MD monitoring daemon...
[[0;32m  OK  [0m] Started FUSE filesystem for LXC.
         Starting Login Service...
[[0;32m  OK  [0m] Started Deferred execution scheduler.
         Starting Snappy daemon...
[[0;32m  OK  [0m] Started D-Bus System Message Bus.
[   38.428670] cloud-init[1048]: Cloud-init v. 18.2 running 'modules:config' at Mon, 09 Jul 2018 04:53:01 +0000. Up 38.16 seconds.
         Starting LSB: Record successful boot for GRUB...
         Starting OpenBSD Secure Shell server...
[[0;32m  OK  [0m] Started Unattended Upgrades Shutdown.
         Starting Accounts Service...
[[0;32m  OK  [0m] Started Regular background program processing daemon.
         Starting Virtualbox guest utils...
         Starting LXD - container startup/shutdown...
[[0;32m  OK  [0m] Started System Logging Service.
[[0;32m  OK  [0m] Started iSCSI initiator daemon (iscsid).
[[0;32m  OK  [0m] Started Apply the settings specified in cloud-config.
[[0;32m  OK  [0m] Started /etc/rc.local Compatibility.
[[0;32m  OK  [0m] Started Login Service.
         Starting Login to default iSCSI targets...
[[0;32m  OK  [0m] Started LSB: MD monitoring daemon.
[[0;32m  OK  [0m] Started Login to default iSCSI targets.
[[0;32m  OK  [0m] Started LSB: Record successful boot for GRUB.
[[0;32m  OK  [0m] Reached target Remote File Systems (Pre).
[[0;32m  OK  [0m] Reached target Remote File Systems.
         Starting LSB: Set the CPU Frequency Scaling governor to "ondemand"...
         Starting Permit User Sessions...
         Starting LSB: daemon to balance interrupts for SMP systems...
         Starting LSB: automatic crash report generation...
[[0;32m  OK  [0m] Started Permit User Sessions.
[[0;32m  OK  [0m] Started LSB: Set the CPU Frequency Scaling governor to "ondemand".
         Starting Terminate Plymouth Boot Screen...
         Starting Hold until boot process finishes up...
[[0;32m  OK  [0m] Started Terminate Plymouth Boot Screen.
[[0;32m  OK  [0m] Started Hold until boot process finishes up.
         Starting Set console scheme...
[[0;32m  OK  [0m] Started Getty on tty1.
[[0;32m  OK  [0m] Started Serial Getty on ttyS0.
[[0;32m  OK  [0m] Reached target Login Prompts.
[[0;32m  OK  [0m] Started OpenBSD Secure Shell server.
[[0;32m  OK  [0m] Started LSB: daemon to balance interrupts for SMP systems.
[[0;32m  OK  [0m] Started Set console scheme.
[[0;32m  OK  [0m] Started Virtualbox guest utils.
[[0;32m  OK  [0m] Started LSB: automatic crash report generation.
         Starting Authenticate and Authorize Users to Run Privileged Tasks...
[[0;32m  OK  [0m] Started Authenticate and Authorize Users to Run Privileged Tasks.
[[0;32m  OK  [0m] Started Accounts Service.
[[0;32m  OK  [0m] Started Snappy daemon.
[[0;32m  OK  [0m] Created slice User Slice of vagrant.
         Starting Wait until snapd is fully seeded...
[[0;32m  OK  [0m] Started Wait until snapd is fully seeded.
[[0;32m  OK  [0m] Started Session 1 of user vagrant.
         Starting User Manager for UID 1000...
[[0;32m  OK  [0m] Started LXD - container startup/shutdown.
[[0;32m  OK  [0m] Started User Manager for UID 1000.
[[0;32m  OK  [0m] Reached target Multi-User System.
[[0;32m  OK  [0m] Reached target Graphical Interface.
         Starting Execute cloud user/final scripts...
         Starting Update UTMP about System Runlevel Changes...
[[0;32m  OK  [0m] Started Update UTMP about System Runlevel Changes.
[   41.897945] cloud-init[1233]: Cloud-init v. 18.2 running 'modules:final' at Mon, 09 Jul 2018 04:53:04 +0000. Up 41.55 seconds.
[   41.994268] cloud-init[1233]: Cloud-init v. 18.2 finished at Mon, 09 Jul 2018 04:53:05 +0000. Datasource DataSourceNoCloud [seed=/dev/sdb][dsmode=net].  Up 41.88 seconds
[[0;32m  OK  [0m] Started Execute cloud user/final scripts.
[[0;32m  OK  [0m] Reached target Cloud-init target.
         Starting Daily apt download activities...

Ubuntu 16.04.4 LTS ubuntu-xenial ttyS0

ubuntu-xenial login: 